\BOOKMARK [0][-]{figure.caption.1}{\376\377\004\045\004\103\004\100\004\060\004\060\004\075\004\063\004\103\004\071}{}% 1
\BOOKMARK [0][-]{section*.2}{\376\377\004\042\004\060\004\073\004\060\004\100\004\105\004\060\004\073}{}% 2
\BOOKMARK [0][-]{table.4}{\376\377\004\042\004\076\004\062\004\107\004\070\004\073\004\101\004\076\004\075\000\040\004\257\004\063\004\101}{}% 3
\BOOKMARK [1][-]{section.5}{\376\377\004\043\004\064\004\070\004\100\004\102\004\063\004\060\004\073}{table.4}% 4
\BOOKMARK [2][-]{subsection.6}{\376\377\004\027\004\076\004\100\004\070\004\073\004\063\004\076}{section.5}% 5
\BOOKMARK [2][-]{subsection.7}{\376\377\004\256\004\071\004\073\000\040\004\060\004\066\004\070\004\073\004\073\004\060\004\063\004\060\004\060\004\075\004\113\000\040\004\102\004\076\004\064\004\076\004\100\004\105\004\076\004\071\004\073\004\076\004\073\004\102}{section.5}% 6
\BOOKMARK [2][-]{subsection.8}{\376\377\004\041\004\070\004\101\004\102\004\065\004\074\004\070\004\071\004\075\000\040\004\060\004\107\000\040\004\105\004\076\004\073\004\061\004\076\004\063\004\064\004\076\004\073}{section.5}% 7
\BOOKMARK [2][-]{subsection.9}{\376\377\004\041\004\070\004\101\004\102\004\065\004\074\004\070\004\071\004\075\000\040\004\105\004\257\004\100\004\115\004\115\000\040\004\105\004\117\004\067\004\063\004\060\004\060\004\100}{section.5}% 8
\BOOKMARK [1][-]{section.10}{\376\377\004\041\004\103\004\064\004\060\004\073\004\063\004\060\004\060}{table.4}% 9
\BOOKMARK [2][-]{subsection.11}{\376\377\004\041\004\070\004\101\004\102\004\065\004\074\004\070\004\071\004\075\000\040\004\101\004\103\004\064\004\060\004\073\004\063\004\060\004\060}{section.10}% 10
\BOOKMARK [2][-]{subsection.12}{\376\377\004\042\004\065\004\105\004\075\004\076\004\073\004\076\004\063\004\070\004\071\004\075\000\040\004\101\004\103\004\064\004\060\004\073\004\063\004\060\004\060}{section.10}% 11
\BOOKMARK [3][-]{subsubsection.13}{\376\377\000R\000e\000a\000c\000t\000\040\000N\000a\000t\000i\000v\000e}{subsection.12}% 12
\BOOKMARK [3][-]{subsubsection.14}{\376\377\000O\000p\000e\000n\000C\000V}{subsection.12}% 13
\BOOKMARK [3][-]{subsubsection.15}{\376\377\000M\000o\000n\000g\000o\000D\000B}{subsection.12}% 14
\BOOKMARK [3][-]{subsubsection.16}{\376\377\000P\000y\000t\000h\000o\000n}{subsection.12}% 15
\BOOKMARK [2][-]{subsection.17}{\376\377\004\021\004\257\004\073\004\063\004\070\004\071\004\075\000\040\004\064\004\257\004\063\004\075\004\115\004\073\004\102}{section.10}% 16
\BOOKMARK [1][-]{section.18}{\376\377\004\050\004\070\004\075\004\066\004\070\004\073\004\063\004\115\004\115\000\040}{table.4}% 17
\BOOKMARK [2][-]{subsection.19}{\376\377\004\256\004\071\004\073\000\040\004\060\004\066\004\070\004\073\004\073\004\060\004\063\004\060\004\060\004\075\004\113\000\040\004\064\004\070\004\060\004\063\004\100\004\060\004\074}{section.18}% 18
\BOOKMARK [2][-]{subsection.20}{\376\377\004\044\004\103\004\075\004\072\004\106\004\070\004\076\004\075\004\060\004\073\004\114\000\040\004\110\004\060\004\060\004\100\004\064\004\073\004\060\004\063\004\060}{section.18}% 19
\BOOKMARK [2][-]{subsection.21}{\376\377\004\044\004\103\004\075\004\072\004\106\004\070\004\076\004\075\004\060\004\073\004\114\000\040\004\061\004\103\004\101\000\040\004\110\004\060\004\060\004\100\004\064\004\073\004\060\004\063\004\060}{section.18}% 20
\BOOKMARK [1][-]{section.22}{\376\377\004\027\004\076\004\105\004\070\004\076\004\074\004\066}{table.4}% 21
\BOOKMARK [2][-]{subsection.23}{\376\377\004\041\004\070\004\101\004\102\004\065\004\074\004\070\004\071\004\075\000\040\004\257\004\071\004\073\000\040\004\060\004\066\004\070\004\073\004\073\004\060\004\063\004\060\004\060\004\075\004\113\000\040\004\102\004\103\004\105\004\060\004\071}{section.22}% 22
\BOOKMARK [2][-]{subsection.24}{\376\377\004\056\004\067\004\072\004\065\004\071\004\101\000\040\004\064\004\070\004\060\004\063\004\100\004\060\004\074}{section.22}% 23
\BOOKMARK [2][-]{subsection.25}{\376\377\004\256\004\071\004\073\000\040\004\060\004\066\004\070\004\073\004\073\004\060\004\063\004\060\004\060\004\075\004\113\000\040\004\064\004\070\004\060\004\063\004\100\004\060\004\074}{section.22}% 24
\BOOKMARK [2][-]{subsection.26}{\376\377\004\032\004\073\004\060\004\101\004\101\000\040\004\064\004\070\004\060\004\063\004\100\004\060\004\074}{section.22}% 25
\BOOKMARK [2][-]{subsection.27}{\376\377\004\024\004\060\004\100\004\060\004\060\004\073\004\073\004\113\004\075\000\040\004\064\004\070\004\060\004\063\004\100\004\060\004\074}{section.22}% 26
\BOOKMARK [2][-]{subsection.28}{\376\377\004\021\004\257\004\073\004\063\004\070\004\071\004\075\000\040\004\064\004\257\004\063\004\075\004\115\004\073\004\102}{section.22}% 27
\BOOKMARK [0][-]{section*.29}{\376\377\004\025\004\100\004\351\004\075\004\105\004\070\004\071\000\040\004\064\004\257\004\063\004\075\004\115\004\073\004\102}{}% 28
